2023-05-14 10:11:34 INFO  [o.s.b.t.c.SpringBootTestContextBootstrapper] Neither @ContextConfiguration nor @ContextHierarchy found for test class [com.example.springbootlibrary.SpringBootLibraryApplicationTests], using SpringBootContextLoader
2023-05-14 10:11:34 INFO  [o.s.t.c.s.AbstractContextLoader] Could not detect default resource locations for test class [com.example.springbootlibrary.SpringBootLibraryApplicationTests]: no resource found for suffixes {-context.xml, Context.groovy}.
2023-05-14 10:11:34 INFO  [o.s.t.c.s.AnnotationConfigContextLoaderUtils] Could not detect default configuration classes for test class [com.example.springbootlibrary.SpringBootLibraryApplicationTests]: SpringBootLibraryApplicationTests does not declare any static, non-private, non-final, nested classes annotated with @Configuration.
2023-05-14 10:11:34 INFO  [o.s.b.t.c.SpringBootTestContextBootstrapper] Found @SpringBootConfiguration com.example.springbootlibrary.SpringBootLibraryApplication for test class com.example.springbootlibrary.SpringBootLibraryApplicationTests
2023-05-14 10:11:34 INFO  [o.s.b.t.c.SpringBootTestContextBootstrapper] Loaded default TestExecutionListener class names from location [META-INF/spring.factories]: [org.springframework.boot.test.mock.mockito.MockitoTestExecutionListener, org.springframework.boot.test.mock.mockito.ResetMocksTestExecutionListener, org.springframework.boot.test.autoconfigure.restdocs.RestDocsTestExecutionListener, org.springframework.boot.test.autoconfigure.web.client.MockRestServiceServerResetTestExecutionListener, org.springframework.boot.test.autoconfigure.web.servlet.MockMvcPrintOnlyOnFailureTestExecutionListener, org.springframework.boot.test.autoconfigure.web.servlet.WebDriverTestExecutionListener, org.springframework.boot.test.autoconfigure.webservices.client.MockWebServiceServerTestExecutionListener, org.springframework.test.context.web.ServletTestExecutionListener, org.springframework.test.context.support.DirtiesContextBeforeModesTestExecutionListener, org.springframework.test.context.event.ApplicationEventsTestExecutionListener, org.springframework.test.context.support.DependencyInjectionTestExecutionListener, org.springframework.test.context.support.DirtiesContextTestExecutionListener, org.springframework.test.context.transaction.TransactionalTestExecutionListener, org.springframework.test.context.jdbc.SqlScriptsTestExecutionListener, org.springframework.test.context.event.EventPublishingTestExecutionListener]
2023-05-14 10:11:34 INFO  [o.s.b.t.c.SpringBootTestContextBootstrapper] Using TestExecutionListeners: [org.springframework.test.context.web.ServletTestExecutionListener@493dfb8e, org.springframework.test.context.support.DirtiesContextBeforeModesTestExecutionListener@5d25e6bb, org.springframework.test.context.event.ApplicationEventsTestExecutionListener@ce5a68e, org.springframework.boot.test.mock.mockito.MockitoTestExecutionListener@9d157ff, org.springframework.boot.test.autoconfigure.SpringBootDependencyInjectionTestExecutionListener@2f162cc0, org.springframework.test.context.support.DirtiesContextTestExecutionListener@5df417a7, org.springframework.test.context.transaction.TransactionalTestExecutionListener@7c041b41, org.springframework.test.context.jdbc.SqlScriptsTestExecutionListener@7f69d591, org.springframework.test.context.event.EventPublishingTestExecutionListener@61078690, org.springframework.boot.test.mock.mockito.ResetMocksTestExecutionListener@1cb3ec38, org.springframework.boot.test.autoconfigure.restdocs.RestDocsTestExecutionListener@403132fc, org.springframework.boot.test.autoconfigure.web.client.MockRestServiceServerResetTestExecutionListener@71c5b236, org.springframework.boot.test.autoconfigure.web.servlet.MockMvcPrintOnlyOnFailureTestExecutionListener@2cab9998, org.springframework.boot.test.autoconfigure.web.servlet.WebDriverTestExecutionListener@2f7a7219, org.springframework.boot.test.autoconfigure.webservices.client.MockWebServiceServerTestExecutionListener@669513d8]
2023-05-14 10:11:35 INFO  [c.e.s.SpringBootLibraryApplicationTests] Starting SpringBootLibraryApplicationTests using Java 11.0.19 on swift-sf314-52 with PID 31080 (started by samir in /home/samir/Desktop/Sem2/SPE/Major Project/backend/spring-boot-library)
2023-05-14 10:11:35 INFO  [c.e.s.SpringBootLibraryApplicationTests] No active profile set, falling back to 1 default profile: "default"
2023-05-14 10:11:42 INFO  [c.e.s.SpringBootLibraryApplicationTests] Started SpringBootLibraryApplicationTests in 7.144 seconds (JVM running for 8.536)
2023-05-14 10:11:42 INFO  [c.e.s.AdminControllerTests] Starting AdminControllerTests using Java 11.0.19 on swift-sf314-52 with PID 31080 (started by samir in /home/samir/Desktop/Sem2/SPE/Major Project/backend/spring-boot-library)
2023-05-14 10:11:42 INFO  [c.e.s.AdminControllerTests] No active profile set, falling back to 1 default profile: "default"
2023-05-14 10:11:44 INFO  [c.e.s.AdminControllerTests] Started AdminControllerTests in 1.749 seconds (JVM running for 10.432)
2023-05-14 10:11:45 INFO  [c.e.s.MessageControllerTests] Starting MessageControllerTests using Java 11.0.19 on swift-sf314-52 with PID 31080 (started by samir in /home/samir/Desktop/Sem2/SPE/Major Project/backend/spring-boot-library)
2023-05-14 10:11:45 INFO  [c.e.s.MessageControllerTests] No active profile set, falling back to 1 default profile: "default"
2023-05-14 10:11:46 INFO  [c.e.s.MessageControllerTests] Started MessageControllerTests in 1.526 seconds (JVM running for 12.881)
2023-05-14 10:11:47 INFO  [c.e.s.controller.BookController] API: /api/message/secure/add/message, Response state: OK, Request time: 13ms
2023-05-14 10:11:47 INFO  [c.e.s.BookControllerTests] Starting BookControllerTests using Java 11.0.19 on swift-sf314-52 with PID 31080 (started by samir in /home/samir/Desktop/Sem2/SPE/Major Project/backend/spring-boot-library)
2023-05-14 10:11:47 INFO  [c.e.s.BookControllerTests] No active profile set, falling back to 1 default profile: "default"
2023-05-14 10:11:48 INFO  [c.e.s.BookControllerTests] Started BookControllerTests in 1.459 seconds (JVM running for 15.109)
2023-05-14 10:11:49 INFO  [c.e.s.controller.BookController] API: /api/books/secure/renew/loan, Response state: OK, Request time: 1ms
2023-05-14 10:11:49 INFO  [c.e.s.controller.BookController] API: /api/books/secure/checkout, Response state: OK, Request time: 1ms
2023-05-14 10:11:49 INFO  [c.e.s.controller.BookController] API: /api/books/secure/currentloans/count, Response state: OK, Request time: 0ms
2023-05-14 10:11:49 INFO  [c.e.s.controller.BookController] API: /api/books/secure/ischeckedout/byuser, Response state: OK, Request time: 0ms
2023-05-14 10:11:49 INFO  [c.e.s.controller.BookController] API: /api/books/secure/return, Response state: OK, Request time: 1ms
2023-05-14 10:11:49 INFO  [c.e.s.controller.BookController] API: /api/books/secure/currentloans, Response state: OK, Request time: 0ms
2023-05-14 10:11:49 INFO  [c.e.s.ReviewControllerTests] Starting ReviewControllerTests using Java 11.0.19 on swift-sf314-52 with PID 31080 (started by samir in /home/samir/Desktop/Sem2/SPE/Major Project/backend/spring-boot-library)
2023-05-14 10:11:49 INFO  [c.e.s.ReviewControllerTests] No active profile set, falling back to 1 default profile: "default"
2023-05-14 10:11:50 INFO  [c.e.s.ReviewControllerTests] Started ReviewControllerTests in 1.364 seconds (JVM running for 16.918)
2023-05-14 10:11:50 INFO  [c.e.s.controller.BookController] API: /api/reviews/secure/user/book, Response state: OK, Request time: 0ms
2023-05-14 10:14:12 INFO  [o.s.b.t.c.SpringBootTestContextBootstrapper] Neither @ContextConfiguration nor @ContextHierarchy found for test class [com.example.springbootlibrary.SpringBootLibraryApplicationTests], using SpringBootContextLoader
2023-05-14 10:14:12 INFO  [o.s.t.c.s.AbstractContextLoader] Could not detect default resource locations for test class [com.example.springbootlibrary.SpringBootLibraryApplicationTests]: no resource found for suffixes {-context.xml, Context.groovy}.
2023-05-14 10:14:12 INFO  [o.s.t.c.s.AnnotationConfigContextLoaderUtils] Could not detect default configuration classes for test class [com.example.springbootlibrary.SpringBootLibraryApplicationTests]: SpringBootLibraryApplicationTests does not declare any static, non-private, non-final, nested classes annotated with @Configuration.
2023-05-14 10:14:12 INFO  [o.s.b.t.c.SpringBootTestContextBootstrapper] Found @SpringBootConfiguration com.example.springbootlibrary.SpringBootLibraryApplication for test class com.example.springbootlibrary.SpringBootLibraryApplicationTests
2023-05-14 10:14:13 INFO  [o.s.b.t.c.SpringBootTestContextBootstrapper] Loaded default TestExecutionListener class names from location [META-INF/spring.factories]: [org.springframework.boot.test.mock.mockito.MockitoTestExecutionListener, org.springframework.boot.test.mock.mockito.ResetMocksTestExecutionListener, org.springframework.boot.test.autoconfigure.restdocs.RestDocsTestExecutionListener, org.springframework.boot.test.autoconfigure.web.client.MockRestServiceServerResetTestExecutionListener, org.springframework.boot.test.autoconfigure.web.servlet.MockMvcPrintOnlyOnFailureTestExecutionListener, org.springframework.boot.test.autoconfigure.web.servlet.WebDriverTestExecutionListener, org.springframework.boot.test.autoconfigure.webservices.client.MockWebServiceServerTestExecutionListener, org.springframework.test.context.web.ServletTestExecutionListener, org.springframework.test.context.support.DirtiesContextBeforeModesTestExecutionListener, org.springframework.test.context.event.ApplicationEventsTestExecutionListener, org.springframework.test.context.support.DependencyInjectionTestExecutionListener, org.springframework.test.context.support.DirtiesContextTestExecutionListener, org.springframework.test.context.transaction.TransactionalTestExecutionListener, org.springframework.test.context.jdbc.SqlScriptsTestExecutionListener, org.springframework.test.context.event.EventPublishingTestExecutionListener]
2023-05-14 10:14:13 INFO  [o.s.b.t.c.SpringBootTestContextBootstrapper] Using TestExecutionListeners: [org.springframework.test.context.web.ServletTestExecutionListener@62dae245, org.springframework.test.context.support.DirtiesContextBeforeModesTestExecutionListener@4b6579e8, org.springframework.test.context.event.ApplicationEventsTestExecutionListener@6fff253c, org.springframework.boot.test.mock.mockito.MockitoTestExecutionListener@6c6357f9, org.springframework.boot.test.autoconfigure.SpringBootDependencyInjectionTestExecutionListener@591e58fa, org.springframework.test.context.support.DirtiesContextTestExecutionListener@3954d008, org.springframework.test.context.transaction.TransactionalTestExecutionListener@2f94c4db, org.springframework.test.context.jdbc.SqlScriptsTestExecutionListener@593e824f, org.springframework.test.context.event.EventPublishingTestExecutionListener@72ccd81a, org.springframework.boot.test.mock.mockito.ResetMocksTestExecutionListener@6d8792db, org.springframework.boot.test.autoconfigure.restdocs.RestDocsTestExecutionListener@64bc21ac, org.springframework.boot.test.autoconfigure.web.client.MockRestServiceServerResetTestExecutionListener@493dfb8e, org.springframework.boot.test.autoconfigure.web.servlet.MockMvcPrintOnlyOnFailureTestExecutionListener@5d25e6bb, org.springframework.boot.test.autoconfigure.web.servlet.WebDriverTestExecutionListener@ce5a68e, org.springframework.boot.test.autoconfigure.webservices.client.MockWebServiceServerTestExecutionListener@9d157ff]
2023-05-14 10:14:13 INFO  [c.e.s.SpringBootLibraryApplicationTests] Starting SpringBootLibraryApplicationTests using Java 11.0.19 on swift-sf314-52 with PID 31822 (started by samir in /home/samir/Desktop/Sem2/SPE/Major Project/backend/spring-boot-library)
2023-05-14 10:14:13 INFO  [c.e.s.SpringBootLibraryApplicationTests] No active profile set, falling back to 1 default profile: "default"
2023-05-14 10:14:20 INFO  [c.e.s.SpringBootLibraryApplicationTests] Started SpringBootLibraryApplicationTests in 7.125 seconds (JVM running for 8.628)
2023-05-14 10:14:20 INFO  [c.e.s.AdminControllerTests] Starting AdminControllerTests using Java 11.0.19 on swift-sf314-52 with PID 31822 (started by samir in /home/samir/Desktop/Sem2/SPE/Major Project/backend/spring-boot-library)
2023-05-14 10:14:20 INFO  [c.e.s.AdminControllerTests] No active profile set, falling back to 1 default profile: "default"
2023-05-14 10:14:21 INFO  [c.e.s.AdminControllerTests] Started AdminControllerTests in 1.563 seconds (JVM running for 10.329)
2023-05-14 10:14:22 INFO  [c.e.s.controller.BookController] API: /api/admin/secure/increase/book/quantity, Response state: OK, Request time: 15ms
2023-05-14 10:14:22 INFO  [c.e.s.controller.BookController] API: /api/admin/secure/delete/book, Response state: OK, Request time: 1ms
2023-05-14 10:14:22 INFO  [c.e.s.controller.BookController] API: /api/admin/secure/decrease/book/quantity, Response state: OK, Request time: 0ms
2023-05-14 10:14:22 INFO  [c.e.s.MessageControllerTests] Starting MessageControllerTests using Java 11.0.19 on swift-sf314-52 with PID 31822 (started by samir in /home/samir/Desktop/Sem2/SPE/Major Project/backend/spring-boot-library)
2023-05-14 10:14:22 INFO  [c.e.s.MessageControllerTests] No active profile set, falling back to 1 default profile: "default"
2023-05-14 10:14:24 INFO  [c.e.s.MessageControllerTests] Started MessageControllerTests in 1.505 seconds (JVM running for 12.709)
2023-05-14 10:14:25 INFO  [c.e.s.controller.BookController] API: /api/message/secure/admin/message, Response state: OK, Request time: 0ms
2023-05-14 10:14:25 INFO  [c.e.s.controller.BookController] API: /api/message/secure/add/message, Response state: OK, Request time: 1ms
2023-05-14 10:14:25 INFO  [c.e.s.BookControllerTests] Starting BookControllerTests using Java 11.0.19 on swift-sf314-52 with PID 31822 (started by samir in /home/samir/Desktop/Sem2/SPE/Major Project/backend/spring-boot-library)
2023-05-14 10:14:25 INFO  [c.e.s.BookControllerTests] No active profile set, falling back to 1 default profile: "default"
2023-05-14 10:14:26 INFO  [c.e.s.BookControllerTests] Started BookControllerTests in 1.418 seconds (JVM running for 14.907)
2023-05-14 10:14:26 INFO  [c.e.s.controller.BookController] API: /api/books/secure/renew/loan, Response state: OK, Request time: 1ms
2023-05-14 10:14:26 INFO  [c.e.s.controller.BookController] API: /api/books/secure/checkout, Response state: OK, Request time: 1ms
2023-05-14 10:14:26 INFO  [c.e.s.controller.BookController] API: /api/books/secure/currentloans/count, Response state: OK, Request time: 0ms
2023-05-14 10:14:26 INFO  [c.e.s.controller.BookController] API: /api/books/secure/ischeckedout/byuser, Response state: OK, Request time: 0ms
2023-05-14 10:14:26 INFO  [c.e.s.controller.BookController] API: /api/books/secure/return, Response state: OK, Request time: 0ms
2023-05-14 10:14:26 INFO  [c.e.s.controller.BookController] API: /api/books/secure/currentloans, Response state: OK, Request time: 1ms
2023-05-14 10:14:27 INFO  [c.e.s.ReviewControllerTests] Starting ReviewControllerTests using Java 11.0.19 on swift-sf314-52 with PID 31822 (started by samir in /home/samir/Desktop/Sem2/SPE/Major Project/backend/spring-boot-library)
2023-05-14 10:14:27 INFO  [c.e.s.ReviewControllerTests] No active profile set, falling back to 1 default profile: "default"
2023-05-14 10:14:28 INFO  [c.e.s.ReviewControllerTests] Started ReviewControllerTests in 1.444 seconds (JVM running for 16.812)
2023-05-14 10:14:28 INFO  [c.e.s.controller.BookController] API: /api/reviews/secure/user/book, Response state: OK, Request time: 0ms
