2023-05-13 15:46:24 INFO  [c.e.s.controller.BookController] API: /api/books/secure/currentloans, Response state: OK, Request time: 181ms
2023-05-13 17:09:57 INFO  [c.e.s.controller.BookController] API: /api/books/secure/currentloans, Response state: OK, Request time: 60ms
2023-05-13 17:09:58 INFO  [c.e.s.controller.BookController] API: /api/books/secure/currentloans/count, Response state: OK, Request time: 11ms
2023-05-13 17:09:58 INFO  [c.e.s.controller.BookController] API: /api/books/secure/ischeckedout/byuser, Response state: OK, Request time: 21ms
2023-05-13 17:09:58 INFO  [c.e.s.controller.BookController] API: /api/reviews/secure/user/book, Response state: OK, Request time: 49ms
2023-05-13 17:10:00 INFO  [c.e.s.controller.BookController] API: /api/books/secure/checkout, Response state: OK, Request time: 243ms
2023-05-13 17:10:00 INFO  [c.e.s.controller.BookController] API: /api/books/secure/currentloans/count, Response state: OK, Request time: 8ms
2023-05-13 17:10:01 INFO  [c.e.s.controller.BookController] API: /api/books/secure/currentloans, Response state: OK, Request time: 32ms
2023-05-13 17:15:44 INFO  [c.e.s.controller.BookController] API: /api/books/secure/ischeckedout/byuser, Response state: OK, Request time: 8ms
2023-05-13 17:15:44 INFO  [c.e.s.controller.BookController] API: /api/books/secure/currentloans/count, Response state: OK, Request time: 10ms
2023-05-13 17:15:44 INFO  [c.e.s.controller.BookController] API: /api/reviews/secure/user/book, Response state: OK, Request time: 11ms
2023-05-13 17:16:00 INFO  [c.e.s.controller.BookController] API: /api/books/secure/checkout, Response state: OK, Request time: 73ms
2023-05-13 17:16:00 INFO  [c.e.s.controller.BookController] API: /api/books/secure/currentloans/count, Response state: OK, Request time: 4ms
2023-05-13 17:17:01 INFO  [c.e.s.controller.BookController] API: /api/books/secure/currentloans, Response state: OK, Request time: 11ms
2023-05-13 17:17:08 INFO  [c.e.s.controller.BookController] API: /api/books/secure/currentloans/count, Response state: OK, Request time: 7ms
2023-05-13 17:17:08 INFO  [c.e.s.controller.BookController] API: /api/books/secure/ischeckedout/byuser, Response state: OK, Request time: 11ms
2023-05-13 17:17:08 INFO  [c.e.s.controller.BookController] API: /api/reviews/secure/user/book, Response state: OK, Request time: 12ms
2023-05-13 17:17:08 INFO  [c.e.s.controller.BookController] API: /api/books/secure/currentloans/count, Response state: OK, Request time: 29ms
2023-05-13 17:18:09 INFO  [c.e.s.controller.BookController] API: /api/books/secure/currentloans, Response state: OK, Request time: 13ms
2023-05-13 17:18:26 INFO  [c.e.s.controller.BookController] API: /api/books/secure/return, Response state: OK, Request time: 251ms
2023-05-13 17:18:26 INFO  [c.e.s.controller.BookController] API: /api/books/secure/currentloans, Response state: OK, Request time: 13ms
2023-05-13 17:22:11 INFO  [c.e.s.controller.BookController] API: /api/books/secure/renew/loan, Response state: OK, Request time: 3ms
2023-05-13 17:22:11 INFO  [c.e.s.controller.BookController] API: /api/books/secure/currentloans, Response state: OK, Request time: 12ms
2023-05-13 17:26:00 INFO  [c.e.s.controller.BookController] API: /api/books/secure/currentloans/count, Response state: OK, Request time: 8ms
2023-05-13 17:26:00 INFO  [c.e.s.controller.BookController] API: /api/reviews/secure/user/book, Response state: OK, Request time: 7ms
2023-05-13 17:26:00 INFO  [c.e.s.controller.BookController] API: /api/books/secure/ischeckedout/byuser, Response state: OK, Request time: 4ms
2023-05-13 17:26:19 INFO  [c.e.s.controller.BookController] API: /api/reviews/secure, Response state: OK, Request time: 47ms
2023-05-13 17:26:43 INFO  [c.e.s.controller.BookController] API: /api/books/secure/checkout, Response state: OK, Request time: 90ms
2023-05-13 17:26:43 INFO  [c.e.s.controller.BookController] API: /api/books/secure/currentloans/count, Response state: OK, Request time: 17ms
2023-05-13 17:28:14 INFO  [c.e.s.controller.BookController] API: /api/books/secure/currentloans/count, Response state: OK, Request time: 9ms
2023-05-13 17:28:14 INFO  [c.e.s.controller.BookController] API: /api/books/secure/ischeckedout/byuser, Response state: OK, Request time: 10ms
2023-05-13 17:28:14 INFO  [c.e.s.controller.BookController] API: /api/reviews/secure/user/book, Response state: OK, Request time: 10ms
2023-05-13 17:28:14 INFO  [c.e.s.controller.BookController] API: /api/books/secure/currentloans/count, Response state: OK, Request time: 4ms
2023-05-13 17:28:39 INFO  [c.e.s.controller.BookController] API: /api/books/secure/ischeckedout/byuser, Response state: OK, Request time: 7ms
2023-05-13 17:28:39 INFO  [c.e.s.controller.BookController] API: /api/reviews/secure/user/book, Response state: OK, Request time: 7ms
2023-05-13 17:28:39 INFO  [c.e.s.controller.BookController] API: /api/books/secure/currentloans/count, Response state: OK, Request time: 7ms
2023-05-13 17:28:39 INFO  [c.e.s.controller.BookController] API: /api/books/secure/currentloans/count, Response state: OK, Request time: 3ms
2023-05-13 17:28:49 INFO  [c.e.s.controller.BookController] API: /api/books/secure/ischeckedout/byuser, Response state: OK, Request time: 3ms
2023-05-13 17:28:49 INFO  [c.e.s.controller.BookController] API: /api/reviews/secure/user/book, Response state: OK, Request time: 3ms
2023-05-13 17:28:49 INFO  [c.e.s.controller.BookController] API: /api/books/secure/currentloans/count, Response state: OK, Request time: 4ms
2023-05-13 17:28:49 INFO  [c.e.s.controller.BookController] API: /api/books/secure/currentloans/count, Response state: OK, Request time: 4ms
2023-05-13 17:29:06 INFO  [c.e.s.controller.BookController] API: /api/reviews/secure/user/book, Response state: OK, Request time: 3ms
2023-05-13 17:29:06 INFO  [c.e.s.controller.BookController] API: /api/books/secure/currentloans/count, Response state: OK, Request time: 4ms
2023-05-13 17:29:06 INFO  [c.e.s.controller.BookController] API: /api/books/secure/ischeckedout/byuser, Response state: OK, Request time: 4ms
2023-05-13 17:29:06 INFO  [c.e.s.controller.BookController] API: /api/books/secure/currentloans/count, Response state: OK, Request time: 4ms
2023-05-13 17:32:46 INFO  [c.e.s.controller.BookController] API: /api/message/secure/add/message, Response state: OK, Request time: 22ms
2023-05-13 17:34:14 INFO  [c.e.s.controller.BookController] API: /api/books/secure/currentloans, Response state: OK, Request time: 11ms
2023-05-13 17:34:18 INFO  [c.e.s.controller.BookController] API: /api/books/secure/currentloans/count, Response state: OK, Request time: 3ms
2023-05-13 17:34:18 INFO  [c.e.s.controller.BookController] API: /api/books/secure/ischeckedout/byuser, Response state: OK, Request time: 3ms
2023-05-13 17:34:18 INFO  [c.e.s.controller.BookController] API: /api/reviews/secure/user/book, Response state: OK, Request time: 5ms
2023-05-13 17:34:21 INFO  [c.e.s.controller.BookController] API: /api/books/secure/checkout, Response state: OK, Request time: 82ms
2023-05-13 17:34:21 INFO  [c.e.s.controller.BookController] API: /api/books/secure/currentloans/count, Response state: OK, Request time: 3ms
2023-05-13 17:34:55 INFO  [c.e.s.controller.BookController] API: /api/reviews/secure, Response state: OK, Request time: 22ms
2023-05-13 17:34:58 INFO  [c.e.s.controller.BookController] API: /api/books/secure/currentloans/count, Response state: OK, Request time: 3ms
2023-05-13 17:34:58 INFO  [c.e.s.controller.BookController] API: /api/books/secure/ischeckedout/byuser, Response state: OK, Request time: 3ms
2023-05-13 17:34:58 INFO  [c.e.s.controller.BookController] API: /api/reviews/secure/user/book, Response state: OK, Request time: 3ms
2023-05-13 17:34:58 INFO  [c.e.s.controller.BookController] API: /api/books/secure/currentloans/count, Response state: OK, Request time: 3ms
2023-05-13 17:35:11 INFO  [c.e.s.controller.BookController] API: /api/reviews/secure/user/book, Response state: OK, Request time: 5ms
2023-05-13 17:35:11 INFO  [c.e.s.controller.BookController] API: /api/books/secure/currentloans/count, Response state: OK, Request time: 5ms
2023-05-13 17:35:11 INFO  [c.e.s.controller.BookController] API: /api/books/secure/ischeckedout/byuser, Response state: OK, Request time: 7ms
2023-05-13 17:35:11 INFO  [c.e.s.controller.BookController] API: /api/books/secure/currentloans/count, Response state: OK, Request time: 3ms
2023-05-13 17:35:17 INFO  [c.e.s.controller.BookController] API: /api/books/secure/currentloans, Response state: OK, Request time: 32ms
2023-05-13 18:56:37 INFO  [c.e.s.controller.BookController] API: /api/books/secure/ischeckedout/byuser, Response state: OK, Request time: 10ms
2023-05-13 18:56:37 INFO  [c.e.s.controller.BookController] API: /api/reviews/secure/user/book, Response state: OK, Request time: 10ms
2023-05-13 18:56:37 INFO  [c.e.s.controller.BookController] API: /api/books/secure/currentloans/count, Response state: OK, Request time: 11ms
2023-05-13 18:56:41 INFO  [c.e.s.controller.BookController] API: /api/books/secure/currentloans/count, Response state: OK, Request time: 4ms
2023-05-13 18:56:41 INFO  [c.e.s.controller.BookController] API: /api/books/secure/ischeckedout/byuser, Response state: OK, Request time: 5ms
2023-05-13 18:56:41 INFO  [c.e.s.controller.BookController] API: /api/reviews/secure/user/book, Response state: OK, Request time: 5ms
2023-05-13 18:56:41 INFO  [c.e.s.controller.BookController] API: /api/books/secure/currentloans/count, Response state: OK, Request time: 2ms
2023-05-13 18:56:45 INFO  [c.e.s.controller.BookController] API: /api/books/secure/currentloans/count, Response state: OK, Request time: 4ms
2023-05-13 18:56:45 INFO  [c.e.s.controller.BookController] API: /api/reviews/secure/user/book, Response state: OK, Request time: 3ms
2023-05-13 18:56:45 INFO  [c.e.s.controller.BookController] API: /api/books/secure/ischeckedout/byuser, Response state: OK, Request time: 3ms
2023-05-13 18:56:45 INFO  [c.e.s.controller.BookController] API: /api/books/secure/currentloans/count, Response state: OK, Request time: 3ms
2023-05-13 18:56:51 INFO  [c.e.s.controller.BookController] API: /api/books/secure/ischeckedout/byuser, Response state: OK, Request time: 3ms
2023-05-13 18:56:51 INFO  [c.e.s.controller.BookController] API: /api/reviews/secure/user/book, Response state: OK, Request time: 3ms
2023-05-13 18:56:51 INFO  [c.e.s.controller.BookController] API: /api/books/secure/currentloans/count, Response state: OK, Request time: 3ms
2023-05-13 18:57:08 INFO  [c.e.s.controller.BookController] API: /api/books/secure/currentloans, Response state: OK, Request time: 5ms
2023-05-13 18:57:30 INFO  [c.e.s.controller.BookController] API: /api/books/secure/currentloans, Response state: OK, Request time: 5ms
2023-05-13 18:57:47 INFO  [c.e.s.controller.BookController] API: /api/books/secure/currentloans, Response state: OK, Request time: 7ms
2023-05-13 19:08:20 INFO  [c.e.s.controller.BookController] API: /api/books/secure/currentloans, Response state: OK, Request time: 73ms
2023-05-13 19:08:25 INFO  [c.e.s.controller.BookController] API: /api/books/secure/currentloans/count, Response state: OK, Request time: 7ms
2023-05-13 19:08:25 INFO  [c.e.s.controller.BookController] API: /api/reviews/secure/user/book, Response state: OK, Request time: 17ms
2023-05-13 19:08:25 INFO  [c.e.s.controller.BookController] API: /api/books/secure/ischeckedout/byuser, Response state: OK, Request time: 45ms
2023-05-13 19:08:30 INFO  [c.e.s.controller.BookController] API: /api/books/secure/ischeckedout/byuser, Response state: OK, Request time: 5ms
2023-05-13 19:08:30 INFO  [c.e.s.controller.BookController] API: /api/books/secure/currentloans/count, Response state: OK, Request time: 5ms
2023-05-13 19:08:30 INFO  [c.e.s.controller.BookController] API: /api/reviews/secure/user/book, Response state: OK, Request time: 33ms
2023-05-13 19:08:41 INFO  [c.e.s.controller.BookController] API: /api/books/secure/currentloans/count, Response state: OK, Request time: 6ms
2023-05-13 19:08:41 INFO  [c.e.s.controller.BookController] API: /api/reviews/secure/user/book, Response state: OK, Request time: 6ms
2023-05-13 19:08:41 INFO  [c.e.s.controller.BookController] API: /api/books/secure/ischeckedout/byuser, Response state: OK, Request time: 5ms
2023-05-13 19:09:06 INFO  [c.e.s.controller.BookController] API: /api/books/secure/currentloans, Response state: OK, Request time: 21ms
2023-05-13 19:09:12 INFO  [c.e.s.controller.BookController] API: /api/reviews/secure/user/book, Response state: OK, Request time: 7ms
2023-05-13 19:09:12 INFO  [c.e.s.controller.BookController] API: /api/books/secure/ischeckedout/byuser, Response state: OK, Request time: 6ms
2023-05-13 19:09:12 INFO  [c.e.s.controller.BookController] API: /api/books/secure/currentloans/count, Response state: OK, Request time: 7ms
2023-05-13 19:09:12 INFO  [c.e.s.controller.BookController] API: /api/books/secure/currentloans/count, Response state: OK, Request time: 4ms
2023-05-13 19:09:15 INFO  [c.e.s.controller.BookController] API: /api/books/secure/currentloans, Response state: OK, Request time: 13ms
2023-05-13 19:09:21 INFO  [c.e.s.controller.BookController] API: /api/books/secure/currentloans/count, Response state: OK, Request time: 5ms
2023-05-13 19:09:21 INFO  [c.e.s.controller.BookController] API: /api/reviews/secure/user/book, Response state: OK, Request time: 5ms
2023-05-13 19:09:21 INFO  [c.e.s.controller.BookController] API: /api/books/secure/ischeckedout/byuser, Response state: OK, Request time: 5ms
2023-05-13 19:09:22 INFO  [c.e.s.controller.BookController] API: /api/books/secure/checkout, Response state: OK, Request time: 65ms
2023-05-13 19:09:22 INFO  [c.e.s.controller.BookController] API: /api/books/secure/currentloans/count, Response state: OK, Request time: 5ms
2023-05-13 19:09:28 INFO  [c.e.s.controller.BookController] API: /api/books/secure/currentloans/count, Response state: OK, Request time: 5ms
2023-05-13 19:09:28 INFO  [c.e.s.controller.BookController] API: /api/books/secure/ischeckedout/byuser, Response state: OK, Request time: 4ms
2023-05-13 19:09:28 INFO  [c.e.s.controller.BookController] API: /api/reviews/secure/user/book, Response state: OK, Request time: 4ms
2023-05-13 19:09:29 INFO  [c.e.s.controller.BookController] API: /api/books/secure/checkout, Response state: OK, Request time: 91ms
2023-05-13 19:09:29 INFO  [c.e.s.controller.BookController] API: /api/books/secure/currentloans/count, Response state: OK, Request time: 4ms
2023-05-13 19:09:34 INFO  [c.e.s.controller.BookController] API: /api/books/secure/currentloans/count, Response state: OK, Request time: 4ms
2023-05-13 19:09:34 INFO  [c.e.s.controller.BookController] API: /api/reviews/secure/user/book, Response state: OK, Request time: 3ms
2023-05-13 19:09:34 INFO  [c.e.s.controller.BookController] API: /api/books/secure/ischeckedout/byuser, Response state: OK, Request time: 3ms
2023-05-13 19:10:52 INFO  [c.e.s.controller.BookController] API: /api/books/secure/currentloans, Response state: OK, Request time: 14ms
2023-05-13 20:10:36 INFO  [c.e.s.controller.BookController] API: /api/admin/secure/add/book, Response state: OK, Request time: 772ms
2023-05-13 20:11:39 INFO  [c.e.s.controller.BookController] API: /api/admin/secure/add/book, Response state: OK, Request time: 63ms
2023-05-13 20:13:54 INFO  [c.e.s.controller.BookController] API: /api/admin/secure/add/book, Response state: OK, Request time: 261ms
2023-05-13 20:16:05 INFO  [c.e.s.controller.BookController] API: /api/admin/secure/add/book, Response state: OK, Request time: 52ms
2023-05-13 20:17:17 INFO  [c.e.s.controller.BookController] API: /api/admin/secure/add/book, Response state: OK, Request time: 52ms
2023-05-13 20:18:05 INFO  [c.e.s.controller.BookController] API: /api/admin/secure/add/book, Response state: OK, Request time: 27ms
2023-05-13 20:18:23 INFO  [c.e.s.controller.BookController] API: /api/books/secure/currentloans, Response state: OK, Request time: 123ms
2023-05-13 20:18:54 INFO  [c.e.s.controller.BookController] API: /api/admin/secure/add/book, Response state: OK, Request time: 34ms
2023-05-13 20:19:47 INFO  [c.e.s.controller.BookController] API: /api/books/secure/currentloans, Response state: OK, Request time: 110ms
2023-05-13 20:19:51 INFO  [c.e.s.controller.BookController] API: /api/books/secure/return, Response state: OK, Request time: 303ms
2023-05-13 20:19:51 INFO  [c.e.s.controller.BookController] API: /api/books/secure/currentloans, Response state: OK, Request time: 12ms
2023-05-13 20:19:53 INFO  [c.e.s.controller.BookController] API: /api/books/secure/return, Response state: OK, Request time: 221ms
2023-05-13 20:19:54 INFO  [c.e.s.controller.BookController] API: /api/books/secure/currentloans, Response state: OK, Request time: 15ms
2023-05-13 20:19:57 INFO  [c.e.s.controller.BookController] API: /api/books/secure/return, Response state: OK, Request time: 275ms
2023-05-13 20:19:57 INFO  [c.e.s.controller.BookController] API: /api/books/secure/currentloans, Response state: OK, Request time: 11ms
2023-05-13 20:19:58 INFO  [c.e.s.controller.BookController] API: /api/books/secure/return, Response state: OK, Request time: 260ms
2023-05-13 20:19:58 INFO  [c.e.s.controller.BookController] API: /api/books/secure/currentloans, Response state: OK, Request time: 11ms
2023-05-13 20:20:00 INFO  [c.e.s.controller.BookController] API: /api/books/secure/return, Response state: OK, Request time: 44ms
2023-05-13 20:20:00 INFO  [c.e.s.controller.BookController] API: /api/books/secure/currentloans, Response state: OK, Request time: 10ms
2023-05-13 20:20:04 INFO  [c.e.s.controller.BookController] API: /api/books/secure/currentloans/count, Response state: OK, Request time: 20ms
2023-05-13 20:20:04 INFO  [c.e.s.controller.BookController] API: /api/books/secure/ischeckedout/byuser, Response state: OK, Request time: 24ms
2023-05-13 20:20:04 INFO  [c.e.s.controller.BookController] API: /api/reviews/secure/user/book, Response state: OK, Request time: 49ms
2023-05-13 20:20:09 INFO  [c.e.s.controller.BookController] API: /api/books/secure/currentloans/count, Response state: OK, Request time: 3ms
2023-05-13 20:20:09 INFO  [c.e.s.controller.BookController] API: /api/books/secure/ischeckedout/byuser, Response state: OK, Request time: 4ms
2023-05-13 20:20:09 INFO  [c.e.s.controller.BookController] API: /api/reviews/secure/user/book, Response state: OK, Request time: 4ms
2023-05-13 20:20:29 INFO  [c.e.s.controller.BookController] API: /api/admin/secure/delete/book, Response state: OK, Request time: 60ms
2023-05-13 20:20:43 INFO  [c.e.s.controller.BookController] API: /api/admin/secure/delete/book, Response state: OK, Request time: 40ms
2023-05-13 20:20:52 INFO  [c.e.s.controller.BookController] API: /api/admin/secure/delete/book, Response state: OK, Request time: 59ms
2023-05-13 20:20:54 INFO  [c.e.s.controller.BookController] API: /api/admin/secure/delete/book, Response state: OK, Request time: 52ms
2023-05-13 20:20:55 INFO  [c.e.s.controller.BookController] API: /api/admin/secure/delete/book, Response state: OK, Request time: 61ms
2023-05-13 20:20:56 INFO  [c.e.s.controller.BookController] API: /api/admin/secure/delete/book, Response state: OK, Request time: 62ms
2023-05-13 20:20:57 INFO  [c.e.s.controller.BookController] API: /api/admin/secure/delete/book, Response state: OK, Request time: 56ms
2023-05-13 20:20:58 INFO  [c.e.s.controller.BookController] API: /api/admin/secure/delete/book, Response state: OK, Request time: 49ms
2023-05-13 20:20:59 INFO  [c.e.s.controller.BookController] API: /api/admin/secure/delete/book, Response state: OK, Request time: 58ms
2023-05-13 20:21:00 INFO  [c.e.s.controller.BookController] API: /api/admin/secure/delete/book, Response state: OK, Request time: 47ms
2023-05-13 20:21:01 INFO  [c.e.s.controller.BookController] API: /api/admin/secure/delete/book, Response state: OK, Request time: 76ms
2023-05-13 20:21:02 INFO  [c.e.s.controller.BookController] API: /api/admin/secure/delete/book, Response state: OK, Request time: 34ms
2023-05-13 20:21:03 INFO  [c.e.s.controller.BookController] API: /api/admin/secure/delete/book, Response state: OK, Request time: 42ms
2023-05-13 20:21:04 INFO  [c.e.s.controller.BookController] API: /api/admin/secure/delete/book, Response state: OK, Request time: 47ms
2023-05-13 20:21:07 INFO  [c.e.s.controller.BookController] API: /api/admin/secure/delete/book, Response state: OK, Request time: 45ms
2023-05-13 20:21:13 INFO  [c.e.s.controller.BookController] API: /api/admin/secure/delete/book, Response state: OK, Request time: 48ms
2023-05-13 20:21:19 INFO  [c.e.s.controller.BookController] API: /api/admin/secure/delete/book, Response state: OK, Request time: 66ms
2023-05-13 20:21:21 INFO  [c.e.s.controller.BookController] API: /api/admin/secure/delete/book, Response state: OK, Request time: 55ms
2023-05-13 20:21:24 INFO  [c.e.s.controller.BookController] API: /api/admin/secure/delete/book, Response state: OK, Request time: 58ms
2023-05-13 20:21:26 INFO  [c.e.s.controller.BookController] API: /api/admin/secure/delete/book, Response state: OK, Request time: 39ms
2023-05-13 20:21:46 INFO  [c.e.s.controller.BookController] API: /api/books/secure/currentloans, Response state: OK, Request time: 4ms
2023-05-13 20:21:48 INFO  [c.e.s.controller.BookController] API: /api/books/secure/currentloans, Response state: OK, Request time: 4ms
2023-05-13 20:22:03 INFO  [c.e.s.controller.BookController] API: /api/books/secure/currentloans, Response state: OK, Request time: 5ms
2023-05-13 20:23:43 INFO  [c.e.s.controller.BookController] API: /api/books/secure/currentloans, Response state: OK, Request time: 3ms
2023-05-13 20:25:35 INFO  [c.e.s.controller.BookController] API: /api/books/secure/currentloans, Response state: OK, Request time: 5ms
2023-05-13 20:25:43 INFO  [c.e.s.controller.BookController] API: /api/books/secure/currentloans, Response state: OK, Request time: 3ms
2023-05-13 20:33:44 INFO  [c.e.s.controller.BookController] API: /api/books/secure/currentloans, Response state: OK, Request time: 67ms
2023-05-13 20:35:07 INFO  [c.e.s.controller.BookController] API: /api/books/secure/currentloans, Response state: OK, Request time: 21ms
2023-05-13 20:35:11 INFO  [c.e.s.controller.BookController] API: /api/books/secure/currentloans/count, Response state: OK, Request time: 20ms
2023-05-13 20:35:11 INFO  [c.e.s.controller.BookController] API: /api/books/secure/ischeckedout/byuser, Response state: OK, Request time: 31ms
2023-05-13 20:35:11 INFO  [c.e.s.controller.BookController] API: /api/reviews/secure/user/book, Response state: OK, Request time: 31ms
2023-05-13 20:35:14 INFO  [c.e.s.controller.BookController] API: /api/books/secure/currentloans, Response state: OK, Request time: 6ms
2023-05-13 20:35:17 INFO  [c.e.s.controller.BookController] API: /api/reviews/secure/user/book, Response state: OK, Request time: 12ms
2023-05-13 20:35:17 INFO  [c.e.s.controller.BookController] API: /api/books/secure/currentloans/count, Response state: OK, Request time: 11ms
2023-05-13 20:35:17 INFO  [c.e.s.controller.BookController] API: /api/books/secure/ischeckedout/byuser, Response state: OK, Request time: 9ms
2023-05-13 20:37:16 INFO  [c.e.s.controller.BookController] API: /api/books/secure/currentloans/count, Response state: OK, Request time: 3ms
2023-05-13 20:37:16 INFO  [c.e.s.controller.BookController] API: /api/books/secure/ischeckedout/byuser, Response state: OK, Request time: 3ms
2023-05-13 20:37:16 INFO  [c.e.s.controller.BookController] API: /api/reviews/secure/user/book, Response state: OK, Request time: 9ms
2023-05-13 20:37:27 INFO  [c.e.s.controller.BookController] API: /api/reviews/secure, Response state: OK, Request time: 251ms
2023-05-13 20:37:30 INFO  [c.e.s.controller.BookController] API: /api/books/secure/ischeckedout/byuser, Response state: OK, Request time: 3ms
2023-05-13 20:37:30 INFO  [c.e.s.controller.BookController] API: /api/books/secure/currentloans/count, Response state: OK, Request time: 3ms
2023-05-13 20:37:30 INFO  [c.e.s.controller.BookController] API: /api/reviews/secure/user/book, Response state: OK, Request time: 4ms
2023-05-13 20:37:48 INFO  [c.e.s.controller.BookController] API: /api/reviews/secure/user/book, Response state: OK, Request time: 6ms
2023-05-13 20:37:48 INFO  [c.e.s.controller.BookController] API: /api/books/secure/currentloans/count, Response state: OK, Request time: 7ms
2023-05-13 20:37:48 INFO  [c.e.s.controller.BookController] API: /api/books/secure/ischeckedout/byuser, Response state: OK, Request time: 7ms
2023-05-13 20:38:17 INFO  [c.e.s.controller.BookController] API: /api/reviews/secure, Response state: OK, Request time: 32ms
2023-05-13 20:38:26 INFO  [c.e.s.controller.BookController] API: /api/books/secure/currentloans/count, Response state: OK, Request time: 3ms
2023-05-13 20:38:26 INFO  [c.e.s.controller.BookController] API: /api/books/secure/ischeckedout/byuser, Response state: OK, Request time: 3ms
2023-05-13 20:38:26 INFO  [c.e.s.controller.BookController] API: /api/reviews/secure/user/book, Response state: OK, Request time: 3ms
